<?xml version="1.0" encoding="UTF-8"?>
<testsuite xmlns:xsi="http://www.w3.org/2001/XMLSchema-instance" xsi:noNamespaceSchemaLocation="https://maven.apache.org/surefire/maven-surefire-plugin/xsd/surefire-test-report-3.0.xsd" version="3.0" name="mijan.letsplay.LetsPlayApplicationTests" time="2.287" tests="1" errors="0" skipped="0" failures="0">
  <properties>
[...]
</properties>
  <testcase name="contextLoads" classname="mijan.letsplay.LetsPlayApplicationTests" time="0.443">
    <system-out><![CDATA[19:22:44.632 [main] INFO org.springframework.test.context.support.AnnotationConfigContextLoaderUtils -- Could not detect default configuration classes for test class [mijan.letsplay.LetsPlayApplicationTests]: LetsPlayApplicationTests does not declare any static, non-private, non-final, nested classes annotated with @Configuration.
19:22:44.674 [main] INFO org.springframework.boot.test.context.SpringBootTestContextBootstrapper -- Found @SpringBootConfiguration mijan.letsplay.LetsPlayApplication for test class mijan.letsplay.LetsPlayApplicationTests

  .   ____          _            __ _ _
 /\\ / ___'_ __ _ _(_)_ __  __ _ \ \ \ \
( ( )\___ | '_ | '_| | '_ \/ _` | \ \ \ \
 \\/  ___)| |_)| | | | | || (_| |  ) ) ) )
  '  |____| .__|_| |_|_| |_\__, | / / / /
 =========|_|==============|___/=/_/_/_/
 :: Spring Boot ::                (v3.1.5)

2023-10-25T19:22:44.848+03:00  INFO 20567 --- [           main] m.letsplay.LetsPlayApplicationTests      : Starting LetsPlayApplicationTests using Java 21 with PID 20567 (started by michael.jansson in /Users/michael.jansson/Desktop/lets-play)
2023-10-25T19:22:44.848+03:00  INFO 20567 --- [           main] m.letsplay.LetsPlayApplicationTests      : No active profile set, falling back to 1 default profile: "default"
2023-10-25T19:22:45.258+03:00  INFO 20567 --- [           main] .s.d.r.c.RepositoryConfigurationDelegate : Bootstrapping Spring Data MongoDB repositories in DEFAULT mode.
2023-10-25T19:22:45.281+03:00  INFO 20567 --- [           main] .s.d.r.c.RepositoryConfigurationDelegate : Finished Spring Data repository scanning in 21 ms. Found 2 MongoDB repository interfaces.
Random token: 6q1Yz9NPja1bMxO+PCCeKiGQLWJ533Uaae0ri20Ojy0=
2023-10-25T19:22:45.570+03:00  INFO 20567 --- [           main] org.mongodb.driver.client                : MongoClient with metadata {"driver": {"name": "mongo-java-driver|sync|spring-boot", "version": "4.9.1"}, "os": {"type": "Darwin", "name": "Mac OS X", "architecture": "aarch64", "version": "13.5"}, "platform": "Java/Homebrew/21"} created with settings MongoClientSettings{readPreference=primary, writeConcern=WriteConcern{w=null, wTimeout=null ms, journal=null}, retryWrites=true, retryReads=true, readConcern=ReadConcern{level=null}, credential=null, streamFactoryFactory=null, commandListeners=[io.micrometer.core.instrument.binder.mongodb.MongoMetricsCommandListener@79afa369], codecRegistry=ProvidersCodecRegistry{codecProviders=[ValueCodecProvider{}, BsonValueCodecProvider{}, DBRefCodecProvider{}, DBObjectCodecProvider{}, DocumentCodecProvider{}, CollectionCodecProvider{}, IterableCodecProvider{}, MapCodecProvider{}, GeoJsonCodecProvider{}, GridFSFileCodecProvider{}, Jsr310CodecProvider{}, JsonObjectCodecProvider{}, BsonCodecProvider{}, EnumCodecProvider{}, com.mongodb.client.model.mql.ExpressionCodecProvider@3b9ac754, com.mongodb.Jep395RecordCodecProvider@5e002356]}, loggerSettings=LoggerSettings{maxDocumentLength=1000}, clusterSettings={hosts=[localhost:27017], srvServiceName=mongodb, mode=SINGLE, requiredClusterType=UNKNOWN, requiredReplicaSetName='null', serverSelector='null', clusterListeners='[]', serverSelectionTimeout='30000 ms', localThreshold='30000 ms'}, socketSettings=SocketSettings{connectTimeoutMS=10000, readTimeoutMS=0, receiveBufferSize=0, sendBufferSize=0}, heartbeatSocketSettings=SocketSettings{connectTimeoutMS=10000, readTimeoutMS=10000, receiveBufferSize=0, sendBufferSize=0}, connectionPoolSettings=ConnectionPoolSettings{maxSize=100, minSize=0, maxWaitTimeMS=120000, maxConnectionLifeTimeMS=0, maxConnectionIdleTimeMS=0, maintenanceInitialDelayMS=0, maintenanceFrequencyMS=60000, connectionPoolListeners=[io.micrometer.core.instrument.binder.mongodb.MongoMetricsConnectionPoolListener@4f820f42], maxConnecting=2}, serverSettings=ServerSettings{heartbeatFrequencyMS=10000, minHeartbeatFrequencyMS=500, serverListeners='[]', serverMonitorListeners='[]'}, sslSettings=SslSettings{enabled=false, invalidHostNameAllowed=false, context=null}, applicationName='null', compressorList=[], uuidRepresentation=JAVA_LEGACY, serverApi=null, autoEncryptionSettings=null, contextProvider=null}
2023-10-25T19:22:45.598+03:00  INFO 20567 --- [localhost:27017] org.mongodb.driver.cluster               : Monitor thread successfully connected to server with description ServerDescription{address=localhost:27017, type=STANDALONE, state=CONNECTED, ok=true, minWireVersion=0, maxWireVersion=21, maxDocumentSize=16777216, logicalSessionTimeoutMinutes=30, roundTripTimeNanos=16496666}
2023-10-25T19:22:45.868+03:00  INFO 20567 --- [           main] o.s.s.web.DefaultSecurityFilterChain     : Will secure any request with [org.springframework.security.web.session.DisableEncodeUrlFilter@4abbe41c, org.springframework.security.web.context.request.async.WebAsyncManagerIntegrationFilter@4fad51a3, org.springframework.security.web.context.SecurityContextHolderFilter@7e0986c9, org.springframework.security.web.header.HeaderWriterFilter@3df77dfa, org.springframework.security.web.authentication.logout.LogoutFilter@5eeee124, mijan.letsplay.filter.JWTFilter@6d7b2319, org.springframework.security.web.savedrequest.RequestCacheAwareFilter@48cf8414, org.springframework.security.web.servletapi.SecurityContextHolderAwareRequestFilter@15d65fcf, org.springframework.security.web.authentication.AnonymousAuthenticationFilter@acb5508, org.springframework.security.web.session.SessionManagementFilter@300bb303, org.springframework.security.web.access.ExceptionTranslationFilter@79ad1774, org.springframework.security.web.access.intercept.AuthorizationFilter@4d290757]
2023-10-25T19:22:46.063+03:00  WARN 20567 --- [           main] ion$DefaultTemplateResolverConfiguration : Cannot find template location: classpath:/templates/ (please add some templates, check your Thymeleaf configuration, or set spring.thymeleaf.check-template-location=false)
2023-10-25T19:22:46.167+03:00  INFO 20567 --- [           main] o.s.b.a.e.web.EndpointLinksResolver      : Exposing 1 endpoint(s) beneath base path '/actuator'
2023-10-25T19:22:46.198+03:00  INFO 20567 --- [           main] m.letsplay.LetsPlayApplicationTests      : Started LetsPlayApplicationTests in 1.46 seconds (process running for 1.933)
Initial users seeded.
Product 1 added
]]></system-out>
    <system-err><![CDATA[WARNING: A Java agent has been loaded dynamically (/Users/michael.jansson/.m2/repository/net/bytebuddy/byte-buddy-agent/1.14.9/byte-buddy-agent-1.14.9.jar)
WARNING: If a serviceability tool is in use, please run with -XX:+EnableDynamicAgentLoading to hide this warning
WARNING: If a serviceability tool is not in use, please run with -Djdk.instrument.traceUsage for more information
WARNING: Dynamic loading of agents will be disallowed by default in a future release
]]></system-err>
  </testcase>
</testsuite>